2012-03-17 15:04:46,992 - Log4JLogChute initialized using file 'velocity.log'
2012-03-17 15:04:46,993 - Initializing Velocity, Calling init()...
2012-03-17 15:04:46,993 - Starting Apache Velocity v1.7 (compiled: 2010-11-19 12:14:37)
2012-03-17 15:04:46,993 - Default Properties File: org/apache/velocity/runtime/defaults/velocity.properties
2012-03-17 15:04:46,993 - Trying to use logger class org.apache.velocity.runtime.log.AvalonLogChute
2012-03-17 15:04:46,993 - Target log system for org.apache.velocity.runtime.log.AvalonLogChute is not available (java.lang.NoClassDefFoundError: org/apache/log/format/Formatter).  Falling back to next log system...
2012-03-17 15:04:46,993 - Trying to use logger class org.apache.velocity.runtime.log.Log4JLogChute
2012-03-17 15:04:46,993 - Using logger class org.apache.velocity.runtime.log.Log4JLogChute
2012-03-17 15:04:47,075 - ResourceLoader instantiated: org.apache.velocity.runtime.resource.loader.FileResourceLoader
2012-03-17 15:04:47,077 - Do unicode file recognition:  false
2012-03-17 15:04:47,077 - FileResourceLoader : adding path '.'
2012-03-17 15:04:47,215 - ResourceCache: initialized (class org.apache.velocity.runtime.resource.ResourceCacheImpl) with class java.util.Collections$SynchronizedMap cache map.
2012-03-17 15:04:47,217 - Loaded System Directive: org.apache.velocity.runtime.directive.Stop
2012-03-17 15:04:47,219 - Loaded System Directive: org.apache.velocity.runtime.directive.Define
2012-03-17 15:04:47,220 - Loaded System Directive: org.apache.velocity.runtime.directive.Break
2012-03-17 15:04:47,221 - Loaded System Directive: org.apache.velocity.runtime.directive.Evaluate
2012-03-17 15:04:47,236 - Loaded System Directive: org.apache.velocity.runtime.directive.Literal
2012-03-17 15:04:47,237 - Loaded System Directive: org.apache.velocity.runtime.directive.Macro
2012-03-17 15:04:47,238 - Loaded System Directive: org.apache.velocity.runtime.directive.Parse
2012-03-17 15:04:47,240 - Loaded System Directive: org.apache.velocity.runtime.directive.Include
2012-03-17 15:04:47,241 - Loaded System Directive: org.apache.velocity.runtime.directive.Foreach
2012-03-17 15:04:47,276 - Created '20' parsers.
2012-03-17 15:04:47,284 - Velocimacro : "velocimacro.library" is not set.  Trying default library: VM_global_library.vm
2012-03-17 15:04:47,284 - Velocimacro : Default library not found.
2012-03-17 15:04:47,284 - Velocimacro : allowInline = true : VMs can be defined inline in templates
2012-03-17 15:04:47,284 - Velocimacro : allowInlineToOverride = false : VMs defined inline may NOT replace previous VM definitions
2012-03-17 15:04:47,284 - Velocimacro : allowInlineLocal = false : VMs defined inline will be global in scope if allowed.
2012-03-17 15:04:47,284 - Velocimacro : autoload off : VM system will not automatically reload global library macros
2012-03-17 15:04:47,289 - ResourceManager : unable to find resource 'main_page.vm' in any resource loader.
2012-03-17 15:05:14,768 - Log4JLogChute initialized using file 'velocity.log'
2012-03-17 15:05:14,769 - Initializing Velocity, Calling init()...
2012-03-17 15:05:14,769 - Starting Apache Velocity v1.7 (compiled: 2010-11-19 12:14:37)
2012-03-17 15:05:14,769 - Default Properties File: org/apache/velocity/runtime/defaults/velocity.properties
2012-03-17 15:05:14,769 - Trying to use logger class org.apache.velocity.runtime.log.AvalonLogChute
2012-03-17 15:05:14,769 - Target log system for org.apache.velocity.runtime.log.AvalonLogChute is not available (java.lang.NoClassDefFoundError: org/apache/log/format/Formatter).  Falling back to next log system...
2012-03-17 15:05:14,769 - Trying to use logger class org.apache.velocity.runtime.log.Log4JLogChute
2012-03-17 15:05:14,769 - Using logger class org.apache.velocity.runtime.log.Log4JLogChute
2012-03-17 15:05:14,774 - ResourceLoader instantiated: org.apache.velocity.runtime.resource.loader.FileResourceLoader
2012-03-17 15:05:14,775 - Do unicode file recognition:  false
2012-03-17 15:05:14,775 - FileResourceLoader : adding path '.'
2012-03-17 15:05:14,786 - ResourceCache: initialized (class org.apache.velocity.runtime.resource.ResourceCacheImpl) with class java.util.Collections$SynchronizedMap cache map.
2012-03-17 15:05:14,788 - Loaded System Directive: org.apache.velocity.runtime.directive.Stop
2012-03-17 15:05:14,789 - Loaded System Directive: org.apache.velocity.runtime.directive.Define
2012-03-17 15:05:14,790 - Loaded System Directive: org.apache.velocity.runtime.directive.Break
2012-03-17 15:05:14,791 - Loaded System Directive: org.apache.velocity.runtime.directive.Evaluate
2012-03-17 15:05:14,791 - Loaded System Directive: org.apache.velocity.runtime.directive.Literal
2012-03-17 15:05:14,792 - Loaded System Directive: org.apache.velocity.runtime.directive.Macro
2012-03-17 15:05:14,794 - Loaded System Directive: org.apache.velocity.runtime.directive.Parse
2012-03-17 15:05:14,795 - Loaded System Directive: org.apache.velocity.runtime.directive.Include
2012-03-17 15:05:14,796 - Loaded System Directive: org.apache.velocity.runtime.directive.Foreach
2012-03-17 15:05:14,833 - Created '20' parsers.
2012-03-17 15:05:14,839 - Velocimacro : "velocimacro.library" is not set.  Trying default library: VM_global_library.vm
2012-03-17 15:05:14,839 - Velocimacro : Default library not found.
2012-03-17 15:05:14,840 - Velocimacro : allowInline = true : VMs can be defined inline in templates
2012-03-17 15:05:14,840 - Velocimacro : allowInlineToOverride = false : VMs defined inline may NOT replace previous VM definitions
2012-03-17 15:05:14,840 - Velocimacro : allowInlineLocal = false : VMs defined inline will be global in scope if allowed.
2012-03-17 15:05:14,840 - Velocimacro : autoload off : VM system will not automatically reload global library macros
2012-03-17 15:05:14,843 - ResourceManager : unable to find resource 'templates/main_page.vm' in any resource loader.
2012-03-17 15:05:51,249 - Log4JLogChute initialized using file 'velocity.log'
2012-03-17 15:05:51,249 - Initializing Velocity, Calling init()...
2012-03-17 15:05:51,249 - Starting Apache Velocity v1.7 (compiled: 2010-11-19 12:14:37)
2012-03-17 15:05:51,249 - Default Properties File: org/apache/velocity/runtime/defaults/velocity.properties
2012-03-17 15:05:51,249 - Trying to use logger class org.apache.velocity.runtime.log.AvalonLogChute
2012-03-17 15:05:51,249 - Target log system for org.apache.velocity.runtime.log.AvalonLogChute is not available (java.lang.NoClassDefFoundError: org/apache/log/format/Formatter).  Falling back to next log system...
2012-03-17 15:05:51,249 - Trying to use logger class org.apache.velocity.runtime.log.Log4JLogChute
2012-03-17 15:05:51,249 - Using logger class org.apache.velocity.runtime.log.Log4JLogChute
2012-03-17 15:05:51,254 - ResourceLoader instantiated: org.apache.velocity.runtime.resource.loader.FileResourceLoader
2012-03-17 15:05:51,256 - Do unicode file recognition:  false
2012-03-17 15:05:51,256 - FileResourceLoader : adding path '.'
2012-03-17 15:05:51,268 - ResourceCache: initialized (class org.apache.velocity.runtime.resource.ResourceCacheImpl) with class java.util.Collections$SynchronizedMap cache map.
2012-03-17 15:05:51,269 - Loaded System Directive: org.apache.velocity.runtime.directive.Stop
2012-03-17 15:05:51,270 - Loaded System Directive: org.apache.velocity.runtime.directive.Define
2012-03-17 15:05:51,271 - Loaded System Directive: org.apache.velocity.runtime.directive.Break
2012-03-17 15:05:51,272 - Loaded System Directive: org.apache.velocity.runtime.directive.Evaluate
2012-03-17 15:05:51,272 - Loaded System Directive: org.apache.velocity.runtime.directive.Literal
2012-03-17 15:05:51,273 - Loaded System Directive: org.apache.velocity.runtime.directive.Macro
2012-03-17 15:05:51,275 - Loaded System Directive: org.apache.velocity.runtime.directive.Parse
2012-03-17 15:05:51,276 - Loaded System Directive: org.apache.velocity.runtime.directive.Include
2012-03-17 15:05:51,277 - Loaded System Directive: org.apache.velocity.runtime.directive.Foreach
2012-03-17 15:05:51,312 - Created '20' parsers.
2012-03-17 15:05:51,320 - Velocimacro : "velocimacro.library" is not set.  Trying default library: VM_global_library.vm
2012-03-17 15:05:51,320 - Velocimacro : Default library not found.
2012-03-17 15:05:51,320 - Velocimacro : allowInline = true : VMs can be defined inline in templates
2012-03-17 15:05:51,320 - Velocimacro : allowInlineToOverride = false : VMs defined inline may NOT replace previous VM definitions
2012-03-17 15:05:51,320 - Velocimacro : allowInlineLocal = false : VMs defined inline will be global in scope if allowed.
2012-03-17 15:05:51,320 - Velocimacro : autoload off : VM system will not automatically reload global library macros
2012-03-17 15:05:51,325 - ResourceManager : unable to find resource '/templates/main_page.vm' in any resource loader.
2012-03-17 15:09:25,501 - Log4JLogChute initialized using file 'velocity.log'
2012-03-17 15:09:25,502 - Initializing Velocity, Calling init()...
2012-03-17 15:09:25,502 - Starting Apache Velocity v1.7 (compiled: 2010-11-19 12:14:37)
2012-03-17 15:09:25,502 - Default Properties File: org/apache/velocity/runtime/defaults/velocity.properties
2012-03-17 15:09:25,502 - Trying to use logger class org.apache.velocity.runtime.log.AvalonLogChute
2012-03-17 15:09:25,502 - Target log system for org.apache.velocity.runtime.log.AvalonLogChute is not available (java.lang.NoClassDefFoundError: org/apache/log/format/Formatter).  Falling back to next log system...
2012-03-17 15:09:25,502 - Trying to use logger class org.apache.velocity.runtime.log.Log4JLogChute
2012-03-17 15:09:25,502 - Using logger class org.apache.velocity.runtime.log.Log4JLogChute
2012-03-17 15:09:25,507 - ResourceLoader instantiated: org.apache.velocity.runtime.resource.loader.FileResourceLoader
2012-03-17 15:09:25,508 - Do unicode file recognition:  false
2012-03-17 15:09:25,508 - FileResourceLoader : adding path '.'
2012-03-17 15:09:25,520 - ResourceCache: initialized (class org.apache.velocity.runtime.resource.ResourceCacheImpl) with class java.util.Collections$SynchronizedMap cache map.
2012-03-17 15:09:25,522 - Loaded System Directive: org.apache.velocity.runtime.directive.Stop
2012-03-17 15:09:25,523 - Loaded System Directive: org.apache.velocity.runtime.directive.Define
2012-03-17 15:09:25,524 - Loaded System Directive: org.apache.velocity.runtime.directive.Break
2012-03-17 15:09:25,525 - Loaded System Directive: org.apache.velocity.runtime.directive.Evaluate
2012-03-17 15:09:25,526 - Loaded System Directive: org.apache.velocity.runtime.directive.Literal
2012-03-17 15:09:25,527 - Loaded System Directive: org.apache.velocity.runtime.directive.Macro
2012-03-17 15:09:25,528 - Loaded System Directive: org.apache.velocity.runtime.directive.Parse
2012-03-17 15:09:25,529 - Loaded System Directive: org.apache.velocity.runtime.directive.Include
2012-03-17 15:09:25,530 - Loaded System Directive: org.apache.velocity.runtime.directive.Foreach
2012-03-17 15:09:25,569 - Created '20' parsers.
2012-03-17 15:09:25,578 - Velocimacro : "velocimacro.library" is not set.  Trying default library: VM_global_library.vm
2012-03-17 15:09:25,578 - Velocimacro : Default library not found.
2012-03-17 15:09:25,578 - Velocimacro : allowInline = true : VMs can be defined inline in templates
2012-03-17 15:09:25,578 - Velocimacro : allowInlineToOverride = false : VMs defined inline may NOT replace previous VM definitions
2012-03-17 15:09:25,578 - Velocimacro : allowInlineLocal = false : VMs defined inline will be global in scope if allowed.
2012-03-17 15:09:25,578 - Velocimacro : autoload off : VM system will not automatically reload global library macros
2012-03-17 15:09:25,584 - ResourceManager : unable to find resource '/templates/main_page.vm' in any resource loader.
2012-03-17 15:09:36,849 - Log4JLogChute initialized using file 'velocity.log'
2012-03-17 15:09:36,850 - Initializing Velocity, Calling init()...
2012-03-17 15:09:36,850 - Starting Apache Velocity v1.7 (compiled: 2010-11-19 12:14:37)
2012-03-17 15:09:36,850 - Default Properties File: org/apache/velocity/runtime/defaults/velocity.properties
2012-03-17 15:09:36,850 - Trying to use logger class org.apache.velocity.runtime.log.AvalonLogChute
2012-03-17 15:09:36,850 - Target log system for org.apache.velocity.runtime.log.AvalonLogChute is not available (java.lang.NoClassDefFoundError: org/apache/log/format/Formatter).  Falling back to next log system...
2012-03-17 15:09:36,850 - Trying to use logger class org.apache.velocity.runtime.log.Log4JLogChute
2012-03-17 15:09:36,850 - Using logger class org.apache.velocity.runtime.log.Log4JLogChute
2012-03-17 15:09:36,856 - ResourceLoader instantiated: org.apache.velocity.runtime.resource.loader.FileResourceLoader
2012-03-17 15:09:36,857 - Do unicode file recognition:  false
2012-03-17 15:09:36,857 - FileResourceLoader : adding path '/home/vijayrc/Projs/TW/Motech/Code/motech-delivery/motech-delivery-tools/motech-document/target/classes/templates'
2012-03-17 15:09:36,868 - ResourceCache: initialized (class org.apache.velocity.runtime.resource.ResourceCacheImpl) with class java.util.Collections$SynchronizedMap cache map.
2012-03-17 15:09:36,871 - Loaded System Directive: org.apache.velocity.runtime.directive.Stop
2012-03-17 15:09:36,872 - Loaded System Directive: org.apache.velocity.runtime.directive.Define
2012-03-17 15:09:36,873 - Loaded System Directive: org.apache.velocity.runtime.directive.Break
2012-03-17 15:09:36,874 - Loaded System Directive: org.apache.velocity.runtime.directive.Evaluate
2012-03-17 15:09:36,874 - Loaded System Directive: org.apache.velocity.runtime.directive.Literal
2012-03-17 15:09:36,875 - Loaded System Directive: org.apache.velocity.runtime.directive.Macro
2012-03-17 15:09:36,877 - Loaded System Directive: org.apache.velocity.runtime.directive.Parse
2012-03-17 15:09:36,878 - Loaded System Directive: org.apache.velocity.runtime.directive.Include
2012-03-17 15:09:36,879 - Loaded System Directive: org.apache.velocity.runtime.directive.Foreach
2012-03-17 15:09:36,911 - Created '20' parsers.
2012-03-17 15:09:36,919 - Velocimacro : "velocimacro.library" is not set.  Trying default library: VM_global_library.vm
2012-03-17 15:09:36,919 - Velocimacro : Default library not found.
2012-03-17 15:09:36,919 - Velocimacro : allowInline = true : VMs can be defined inline in templates
2012-03-17 15:09:36,919 - Velocimacro : allowInlineToOverride = false : VMs defined inline may NOT replace previous VM definitions
2012-03-17 15:09:36,920 - Velocimacro : allowInlineLocal = false : VMs defined inline will be global in scope if allowed.
2012-03-17 15:09:36,920 - Velocimacro : autoload off : VM system will not automatically reload global library macros
2012-03-17 15:09:36,932 - ResourceManager : found main_page.vm with loader org.apache.velocity.runtime.resource.loader.FileResourceLoader
